<?xml version="1.0" encoding="UTF-8"?>
<!-- Generated by org.testng.reporters.JUnitReportReporter -->
<testsuite hostname="DESKTOP-G7JSC13" failures="0" tests="1" name="bitmclass.selenium.ScreenshotTest" time="3.262" errors="0" timestamp="2024-02-09T11:46:24 BDT" skipped="0">
  <testcase classname="bitmclass.selenium.ScreenshotTest" name="screenShot" time="3.262"/>
</testsuite> <!-- bitmclass.selenium.ScreenshotTest -->
