<?xml version="1.0" encoding="UTF-8"?>
<!-- Generated by org.testng.reporters.JUnitReportReporter -->
<testsuite hostname="DESKTOP-G7JSC13" failures="0" tests="1" name="bitmclass.selenium.AutomationTestOne" time="8.408" errors="0" timestamp="2024-02-09T12:06:17 BDT" skipped="0">
  <testcase classname="bitmclass.selenium.AutomationTestOne" name="resgisterTest" time="8.408"/>
</testsuite> <!-- bitmclass.selenium.AutomationTestOne -->
