<?xml version="1.0" encoding="UTF-8"?>
<!-- Generated by org.testng.reporters.JUnitReportReporter -->
<testsuite hostname="DESKTOP-G7JSC13" failures="0" tests="5" name="bitmclass.testng.MyFirstTest" time="0.010" errors="0" timestamp="2024-02-03T10:19:45 BDT" skipped="0">
  <testcase classname="bitmclass.testng.MyFirstTest" name="test1" time="0.001"/>
  <testcase classname="bitmclass.testng.MyFirstTest" name="name" time="0.004"/>
  <testcase classname="bitmclass.testng.MyFirstTest" name="car3" time="0.002"/>
  <testcase classname="bitmclass.testng.MyFirstTest" name="car2" time="0.002"/>
  <testcase classname="bitmclass.testng.MyFirstTest" name="car1" time="0.001"/>
</testsuite> <!-- bitmclass.testng.MyFirstTest -->
