<?xml version="1.0" encoding="UTF-8"?>
<!-- Generated by org.testng.reporters.JUnitReportReporter -->
<testsuite hostname="DESKTOP-G7JSC13" failures="0" tests="1" name="helloFahim.TestFahim" time="4.791" errors="0" timestamp="2024-02-03T12:55:05 BDT" skipped="0">
  <testcase classname="helloFahim.TestFahim" name="helloTest" time="4.791"/>
</testsuite> <!-- helloFahim.TestFahim -->
