<?xml version="1.0" encoding="UTF-8"?>
<!-- Generated by org.testng.reporters.JUnitReportReporter -->
<testsuite hostname="DESKTOP-G7JSC13" failures="0" tests="1" name="bitmclass.selenium.DragDrop" time="6.332" errors="0" timestamp="2024-02-09T10:02:04 BDT" skipped="0">
  <testcase classname="bitmclass.selenium.DragDrop" name="dragNDropTest" time="6.332"/>
</testsuite> <!-- bitmclass.selenium.DragDrop -->
