<?xml version="1.0" encoding="UTF-8"?>
<!-- Generated by org.testng.reporters.JUnitReportReporter -->
<testsuite hostname="DESKTOP-G7JSC13" failures="0" tests="1" name="bitmclass.selenium.SeleniumIntro" time="8.908" errors="0" timestamp="2024-02-03T12:38:19 BDT" skipped="0">
  <testcase classname="bitmclass.selenium.SeleniumIntro" name="webPageTest" time="8.908"/>
</testsuite> <!-- bitmclass.selenium.SeleniumIntro -->
