<?xml version="1.0" encoding="UTF-8"?>
<!-- Generated by org.testng.reporters.JUnitReportReporter -->
<testsuite hostname="DESKTOP-G7JSC13" failures="0" tests="6" name="Swag" time="59.531" errors="0" timestamp="2024-02-10T17:45:29 BDT" skipped="0">
  <testcase classname="Swag" name="saucedemo" time="11.440"/>
  <testcase classname="Swag" name="saucedemo" time="13.845"/>
  <testcase classname="Swag" name="saucedemo" time="8.101"/>
  <testcase classname="Swag" name="saucedemo" time="9.293"/>
  <testcase classname="Swag" name="saucedemo" time="8.119"/>
  <testcase classname="Swag" name="saucedemo" time="8.733"/>
</testsuite> <!-- Swag -->
