<?xml version="1.0" encoding="UTF-8"?>
<!-- Generated by org.testng.reporters.JUnitReportReporter -->
<testsuite hostname="DESKTOP-G7JSC13" failures="0" tests="1" name="bitmclass.selenium.ScreenShot2" time="3.124" errors="0" timestamp="2024-02-09T12:17:16 BDT" skipped="0">
  <testcase classname="bitmclass.selenium.ScreenShot2" name="screenShot" time="3.124"/>
</testsuite> <!-- bitmclass.selenium.ScreenShot2 -->
