<?xml version="1.0" encoding="UTF-8"?>
<!-- Generated by org.testng.reporters.JUnitReportReporter -->
<testsuite hostname="DESKTOP-G7JSC13" failures="0" tests="1" name="testing.testng.MyFirstTesting" time="0.007" errors="0" timestamp="2024-02-02T11:14:29 BDT" skipped="0">
  <testcase classname="testing.testng.MyFirstTesting" name="name" time="0.007"/>
</testsuite> <!-- testing.testng.MyFirstTesting -->
